2024-05-22 13:23:39,849 INFO o.a.j.u.JMeterUtils: Setting Locale to en_EN
2024-05-22 13:23:39,863 INFO o.a.j.JMeter: Loading user properties from: /home/haritha/Downloads/apache-jmeter-5.6.3/bin/user.properties
2024-05-22 13:23:39,863 INFO o.a.j.JMeter: Loading system properties from: /home/haritha/Downloads/apache-jmeter-5.6.3/bin/system.properties
2024-05-22 13:23:39,867 INFO o.a.j.JMeter: Copyright (c) 1998-2024 The Apache Software Foundation
2024-05-22 13:23:39,867 INFO o.a.j.JMeter: Version 5.6.3
2024-05-22 13:23:39,868 INFO o.a.j.JMeter: java.version=17.0.10
2024-05-22 13:23:39,868 INFO o.a.j.JMeter: java.vm.name=OpenJDK 64-Bit Server VM
2024-05-22 13:23:39,868 INFO o.a.j.JMeter: os.name=Linux
2024-05-22 13:23:39,868 INFO o.a.j.JMeter: os.arch=amd64
2024-05-22 13:23:39,868 INFO o.a.j.JMeter: os.version=6.5.0-35-generic
2024-05-22 13:23:39,868 INFO o.a.j.JMeter: file.encoding=UTF-8
2024-05-22 13:23:39,868 INFO o.a.j.JMeter: java.awt.headless=null
2024-05-22 13:23:39,868 INFO o.a.j.JMeter: Max memory     =1073741824
2024-05-22 13:23:39,868 INFO o.a.j.JMeter: Available Processors =8
2024-05-22 13:23:39,875 INFO o.a.j.JMeter: Default Locale=English (EN)
2024-05-22 13:23:39,875 INFO o.a.j.JMeter: JMeter  Locale=English (EN)
2024-05-22 13:23:39,875 INFO o.a.j.JMeter: JMeterHome=/home/haritha/Downloads/apache-jmeter-5.6.3
2024-05-22 13:23:39,875 INFO o.a.j.JMeter: user.dir  =/home/haritha/Developer/persist-load-tests
2024-05-22 13:23:39,875 INFO o.a.j.JMeter: PWD       =/home/haritha/Developer/persist-load-tests
2024-05-22 13:23:39,876 INFO o.a.j.JMeter: IP: 127.0.1.1 Name: haritha FullName: haritha
2024-05-22 13:23:39,884 INFO o.a.j.JMeter: Loaded icon properties from org/apache/jmeter/images/icon.properties
2024-05-22 13:23:40,037 INFO o.a.j.JMeterGuiLauncher: Setting LAF to: com.github.weisj.darklaf.DarkLaf:com.github.weisj.darklaf.theme.DarculaTheme
2024-05-22 13:23:46,635 INFO o.a.j.s.FileServer: Default base='/home/haritha/Developer/persist-load-tests'
2024-05-22 13:23:46,637 INFO o.a.j.g.a.Load: Loading file: /home/haritha/Developer/persist-load-tests/scripts/Test Plan.jmx
2024-05-22 13:23:46,637 INFO o.a.j.s.FileServer: Set new base='/home/haritha/Developer/persist-load-tests/scripts'
2024-05-22 13:23:46,749 INFO o.a.j.s.SaveService: Testplan (JMX) version: 2.2. Testlog (JTL) version: 2.2
2024-05-22 13:23:46,764 INFO o.a.j.s.SaveService: Using SaveService properties version 5.0
2024-05-22 13:23:46,765 INFO o.a.j.s.SaveService: Using SaveService properties file encoding UTF-8
2024-05-22 13:23:46,766 INFO o.a.j.s.SaveService: Loading file: /home/haritha/Developer/persist-load-tests/scripts/Test Plan.jmx
2024-05-22 13:23:46,782 INFO o.a.j.p.h.s.HTTPSamplerBase: Parser for text/html is org.apache.jmeter.protocol.http.parser.LagartoBasedHtmlParser
2024-05-22 13:23:46,783 INFO o.a.j.p.h.s.HTTPSamplerBase: Parser for application/xhtml+xml is org.apache.jmeter.protocol.http.parser.LagartoBasedHtmlParser
2024-05-22 13:23:46,783 INFO o.a.j.p.h.s.HTTPSamplerBase: Parser for application/xml is org.apache.jmeter.protocol.http.parser.LagartoBasedHtmlParser
2024-05-22 13:23:46,783 INFO o.a.j.p.h.s.HTTPSamplerBase: Parser for text/xml is org.apache.jmeter.protocol.http.parser.LagartoBasedHtmlParser
2024-05-22 13:23:46,783 INFO o.a.j.p.h.s.HTTPSamplerBase: Parser for text/vnd.wap.wml is org.apache.jmeter.protocol.http.parser.RegexpHTMLParser
2024-05-22 13:23:46,783 INFO o.a.j.p.h.s.HTTPSamplerBase: Parser for text/css is org.apache.jmeter.protocol.http.parser.CssParser
2024-05-22 13:23:46,933 INFO o.a.j.s.SampleResult: Note: Sample TimeStamps are START times
2024-05-22 13:23:46,933 INFO o.a.j.s.SampleResult: sampleresult.default.encoding is set to UTF-8
2024-05-22 13:23:46,933 INFO o.a.j.s.SampleResult: sampleresult.useNanoTime=true
2024-05-22 13:23:46,933 INFO o.a.j.s.SampleResult: sampleresult.nanoThreadSleep=5000
2024-05-22 13:23:47,068 INFO o.a.j.s.FileServer: Set new base='/home/haritha/Developer/persist-load-tests/scripts'
